<?xml version="1.0" encoding="UTF-8"?>
<testsuite xmlns:xsi="http://www.w3.org/2001/XMLSchema-instance" xsi:noNamespaceSchemaLocation="https://maven.apache.org/surefire/maven-surefire-plugin/xsd/surefire-test-report-3.0.xsd" version="3.0" name="TestSuite" time="6.122" tests="1" errors="0" skipped="0" failures="0">
  <properties>
[...]
</properties>
  <testcase name="runScenario[&quot;Validate UI elements on Home Page&quot;, &quot;Optional[Web login]&quot;](1)" classname="Runners.Run" time="5.778">
    <system-out><![CDATA[
@Smoke
Scenario: Validate UI elements on Home Page         &amp#27;[90m# src/test/java/resources/login.feature:26&amp#27;[0m
Zuba1
  &amp#27;[32mWhen &amp#27;[0m&amp#27;[32mthe user enters valid credentials&amp#27;[0m            &amp#27;[90m# StepDefinitions.LoginStep.the_user_enters_valid_credentials()&amp#27;[0m
  &amp#27;[32mAnd &amp#27;[0m&amp#27;[32mhits submit button&amp#27;[0m                            &amp#27;[90m# StepDefinitions.LoginStep.hits_submit_button()&amp#27;[0m
Finished!
  &amp#27;[32mThen &amp#27;[0m&amp#27;[32mthe user should be logged in successfully&amp#27;[0m    &amp#27;[90m# StepDefinitions.LoginStep.the_user_should_be_logged_in_successfully()&amp#27;[0m
  &amp#27;[32mThen &amp#27;[0m&amp#27;[32muser should be able to see logo icon&amp#27;[0m         &amp#27;[90m# StepDefinitions.LoginStep.user_should_be_able_to_see_logo_icon()&amp#27;[0m
this is new text
  &amp#27;[32mAnd &amp#27;[0m&amp#27;[32muser is able to see &amp#27;[0m&amp#27;[32m&amp#27;[1m"this is new text"&amp#27;[0m&amp#27;[32m button&amp#27;[0m &amp#27;[90m# StepDefinitions.LoginStep.user_is_able_to_see_menu_button(java.lang.String)&amp#27;[0m
  &amp#27;[32mAnd &amp#27;[0m&amp#27;[32muser is able to see sign out button&amp#27;[0m           &amp#27;[90m# StepDefinitions.LoginStep.user_is_able_to_see_sign_out_button()&amp#27;[0m
]]></system-out>
    <system-err><![CDATA[SLF4J: Failed to load class "org.slf4j.impl.StaticLoggerBinder".
SLF4J: Defaulting to no-operation (NOP) logger implementation
SLF4J: See http://www.slf4j.org/codes.html#StaticLoggerBinder for further details.
Starting ChromeDriver 100.0.4896.60 (6a5d10861ce8de5fce22564658033b43cb7de047-refs/branch-heads/4896@{#875}) on port 59733
Only local connections are allowed.
Please see https://chromedriver.chromium.org/security-considerations for suggestions on keeping ChromeDriver safe.
ChromeDriver was started successfully.
Apr 18, 2022 10:41:25 PM org.openqa.selenium.remote.ProtocolHandshake createSession
INFO: Detected dialect: W3C
Apr 18, 2022 10:41:25 PM org.openqa.selenium.devtools.CdpVersionFinder findNearestMatch
WARNING: Unable to find an exact match for CDP version 100, so returning the closest version found: 99
Apr 18, 2022 10:41:25 PM org.openqa.selenium.devtools.CdpVersionFinder findNearestMatch
INFO: Found CDP implementation for version 100 of 99
]]></system-err>
  </testcase>
</testsuite>