<?xml version="1.0" encoding="UTF-8"?>
<testng-results ignored="0" total="1" passed="1" failed="0" skipped="0">
  <reporter-output>
  </reporter-output>
  <suite started-at="2022-04-18T22:41:23 IST" name="All Test Suite" finished-at="2022-04-18T22:41:29 IST" duration-ms="5982">
    <groups>
      <group name="cucumber">
        <method signature="AbstractTestNGCucumberTests.runScenario(io.cucumber.testng.PickleWrapper,io.cucumber.testng.FeatureWrapper)[pri:0, instance:Runners.Run@2a32de6c]" name="runScenario" class="io.cucumber.testng.AbstractTestNGCucumberTests"/>
      </group> <!-- cucumber -->
    </groups>
    <test started-at="2022-04-18T22:41:23 IST" name="feature" finished-at="2022-04-18T22:41:29 IST" duration-ms="5982">
      <class name="Runners.Run">
        <test-method is-config="true" signature="setUpClass(org.testng.ITestContext)[pri:0, instance:Runners.Run@2a32de6c]" started-at="2022-04-18T22:41:23 IST" name="setUpClass" finished-at="2022-04-18T22:41:23 IST" duration-ms="169" status="PASS">
          <params>
            <param index="0">
              <value>
                <![CDATA[org.testng.TestRunner@5e1d03d7]]>
              </value>
            </param>
          </params>
          <reporter-output>
          </reporter-output>
        </test-method> <!-- setUpClass -->
        <test-method signature="runScenario(io.cucumber.testng.PickleWrapper,io.cucumber.testng.FeatureWrapper)[pri:0, instance:Runners.Run@2a32de6c]" started-at="2022-04-18T22:41:23 IST" name="runScenario" description="Runs Cucumber Scenarios" data-provider="scenarios" finished-at="2022-04-18T22:41:29 IST" duration-ms="5777" status="PASS">
          <params>
            <param index="0">
              <value>
                <![CDATA["Validate UI elements on Home Page"]]>
              </value>
            </param>
            <param index="1">
              <value>
                <![CDATA["Optional[Web login]"]]>
              </value>
            </param>
          </params>
          <reporter-output>
          </reporter-output>
        </test-method> <!-- runScenario -->
        <test-method is-config="true" signature="tearDownClass()[pri:0, instance:Runners.Run@2a32de6c]" started-at="2022-04-18T22:41:29 IST" name="tearDownClass" finished-at="2022-04-18T22:41:29 IST" duration-ms="24" status="PASS">
          <reporter-output>
          </reporter-output>
        </test-method> <!-- tearDownClass -->
      </class> <!-- Runners.Run -->
    </test> <!-- feature -->
  </suite> <!-- All Test Suite -->
</testng-results>
